000     0x44       skbi 4
001     0xE0       tm 0x20
002     0x00 0x9F  lbl 0x9F  
004     0x7E       ldi 0x1
005     0x42       skbi 2
006     0x8D       t 0xD
007     0xFE       tm 0x3E
008     0x7E       ldi 0x1
009     0x04       lbua
00A     0xE4       tm 0x24
00B     0x8F       t 0xF
00C     0x64       adi 0xB
00D     0x32       ld 0x5
00E     0xE0       tm 0x20
00F     0x38       ex 0x7
010     0x0E       comp
011     0x22       sf1
012     0x38       ex 0x7
013     0x1C 0x66  iol 0x66  
015     0x38       ex 0x7
016     0x1A       xax
017     0x6E       adi 0x1
018     0xDA       tm 0x1A
019     0x1C 0x38  iol 0x38  
01B     0x0E       comp
01C     0x7B       ldi 0x4
01D     0x1C 0x2C  iol 0x2C  
01F     0x63       adi 0xC
020     0x8D       t 0xD
021     0x1E       skz
022     0x7E       ldi 0x1
023     0xBF       t 0x3F
024     0xCF       lb 0x0
025     0x57 0x8D  tl 0x78D
027     0xD5       tm 0x15
028     0x55 0x4C  tl 0x54C
02A     0x03 0x06  tml 0x306
02C     0x7B       ldi 0x4
02D     0xE3       tm 0x23
02E     0xF5       tm 0x35
02F     0x5B 0x17  tl 0xB17
031     0x3C       ex 0x3
032     0x73       ldi 0xC
033     0x02 0x2F  tml 0x22F
035     0x6F       cys
036     0x42       skbi 2
037     0xBF       t 0x3F
038     0x57 0x8D  tl 0x78D
03A     0x7E       ldi 0x1
03B     0xA8       t 0x28
03C     0x01 0x7D  tml 0x17D
03E     0x4E       skbi 14
03F     0x3B       ex 0x4
040     0xFC       tm 0x3C
041     0x7E       ldi 0x1
042     0xA4       t 0x24
043     0xAD       t 0x2D
044     0x4C       skbi 12
045     0xC9       lb 0x6
046     0x02 0x5A  tml 0x25A
048     0x97       t 0x17
049     0x01 0x00  tml 0x100
04B     0xE5       tm 0x25
04C     0xD5       tm 0x15
04D     0x4B       skbi 11
04E     0x06       xs
04F     0xC1       lb 0xE
050       0x25       rf2
051     0x29       exd 0x6
052     0xAE       t 0x2E
053     0x00 0x06  lbl 0x06  
055     0xBF       t 0x3F
056     0x31       ld 0x6
057     0x35       ld 0x2
058     0xAC       t 0x2C
059     0x81       t 0x1
05A     0x00 0xDC  lbl 0xDC  
05C     0xD5       tm 0x15
05D     0xF6       tm 0x36
05E     0xFE       tm 0x3E
05F     0x00 0x19  lbl 0x19  
061     0x1E       skz
062     0x3A       ex 0x5
063     0xAC       t 0x2C
064     0x67       adi 0x8
065     0xB3       t 0x33
066     0x87       t 0x7
067     0xEA       tm 0x2A
068     0x5E 0x4F  tl 0xE4F
06A     0xA8       t 0x28
06B     0x00 0xF9  lbl 0xF9  
06D     0xE9       tm 0x29
06E     0xB3       t 0x33
06F     0x91       t 0x11
070     0x6E       adi 0x1
071     0x83       t 0x3
072     0x7E       ldi 0x1
073     0x6E       adi 0x1
074     0xD2       tm 0x12
075     0x77       ldi 0x8
076     0x2E       exd 0x1
077     0x5E 0xFC  tl 0xEFC
079     0x7E       ldi 0x1
07A     0xB9       t 0x39
07B     0xEE       tm 0x2E
07C     0xCB       lb 0x4
07D     0xF1       tm 0x31
07E     0xF7       tm 0x37
07F     0x00 0x28  lbl 0x28  
081     0x0F       or
082     0x4A       skbi 10
083     0x8F       t 0xF
084     0x62       adi 0xD
085     0x7E       ldi 0x1
086     0x19       xabl
087     0x02 0x2F  tml 0x22F
089     0x44       skbi 4
08A     0x2C       exd 0x3
08B     0x1D       doa
08C     0xA8       t 0x28
08D     0x6E       adi 0x1
08E     0xE6       tm 0x26
08F     0x38       ex 0x7
090     0x0E       comp
091     0xDF       tm 0x1F
092     0x04       lbua
093     0xC0       lb 0xF
094     0x04       lbua
095     0x81       t 0x1
096     0x04       lbua
097     0xC0       lb 0xF
098     0x8D       t 0xD
099     0x6E       adi 0x1
09A     0xCE       lb 0x1
09B     0x6F       cys
09C     0x06       xs
09D     0xD8       tm 0x18
09E     0x43       skbi 3
09F     0xAE       t 0x2E
0A0     0x9E       t 0x1E
0A1     0x44       skbi 4
0A2     0xDB       tm 0x1B
0A3     0xC9       lb 0x6
0A4     0x93       t 0x13
0A5     0xE8       tm 0x28
0A6     0x5E 0x98  tl 0xE98
0A8     0x4B       skbi 11
0A9     0xF2       tm 0x32
0AA     0x36       ld 0x1
0AB     0x00 0x9F  lbl 0x9F  
0AD     0x6E       adi 0x1
0AE     0x16       skf1
0AF     0xDE       tm 0x1E
0B0     0x24       rc
0B1     0x2A       exd 0x5
0B2     0xDC       tm 0x1C
0B3     0xDE       tm 0x1E
0B4     0xEE       tm 0x2E
0B5     0xDE       tm 0x1E
0B6     0x0A       adc
0B7     0x06       xs
0B8     0x9F       t 0x1F
0B9     0xFA       tm 0x3A
0BA     0x36       ld 0x1
0BB     0x57 0x6A  tl 0x76A
0BD     0x7E       ldi 0x1
0BE     0xA8       t 0x28
0BF     0x00 0xF9  lbl 0xF9  
0C1     0x06       xs
0C2     0xF2       tm 0x32
0C3     0xFB       tm 0x3B
0C4     0x06       xs
0C5     0xE2       tm 0x22
0C6     0xEB       tm 0x2B
0C7     0xE7       tm 0x27
0C8     0x06       xs
0C9     0xEA       tm 0x2A
0CA     0xAD       t 0x2D
0CB     0x06       xs
0CC     0xE2       tm 0x22
0CD     0xE9       tm 0x29
0CE     0xE7       tm 0x27
0CF     0xED       tm 0x2D
0D0     0xA7       t 0x27
0D1     0xAF       t 0x2F
0D2     0xF1       tm 0x31
0D3     0xA1       t 0x21
0D4     0x41       skbi 1
0D5     0x04       lbua
0D6     0xC4       lb 0xB
0D7     0xF1       tm 0x31
0D8     0xA1       t 0x21
0D9     0x3D       ex 0x2
0DA     0xAD       t 0x2D
0DB     0x04       lbua
0DC     0xC2       lb 0xD
0DD       0x25       rf2
0DE     0xC7       lb 0x8
0DF     0x43       skbi 3
0E0     0xA7       t 0x27
0E1     0xE9       tm 0x29
0E2     0xE7       tm 0x27
0E3     0xF1       tm 0x31
0E4     0xA9       t 0x29
0E5     0x04       lbua
0E6     0x7B       ldi 0x4
0E7     0xA0       t 0x20
0E8     0x1D       doa
0E9     0xEB       tm 0x2B
0EA     0xAB       t 0x2B
0EB     0xF1       tm 0x31
0EC     0xAD       t 0x2D
0ED     0xED       tm 0x2D
0EE     0xE5       tm 0x25
0EF     0xAF       t 0x2F
0F0     0xF1       tm 0x31
0F1     0x04       lbua
0F2     0x01 0xEB  tml 0x1EB
0F4     0xA5       t 0x25
0F5     0xEB       tm 0x2B
0F6     0xE7       tm 0x27
0F7     0xF1       tm 0x31
0F8     0x06       xs
0F9     0xD6       tm 0x16
0FA     0xC7       lb 0x8
0FB     0xAB       t 0x2B
0FC     0xA7       t 0x27
0FD     0xEB       tm 0x2B
0FE     0xAA       t 0x2A
0FF     0x62       adi 0xD
100     0xFB       tm 0x3B
101     0xED       tm 0x2D
102     0xE5       tm 0x25
103     0xF1       tm 0x31
104     0xA1       t 0x21
105     0x19       xabl
106     0xA3       t 0x23
107     0xE9       tm 0x29
108     0xF1       tm 0x31
109     0xA9       t 0x29
10A     0x04       lbua
10B     0xC4       lb 0xB
10C     0x04       lbua
10D     0xD4       tm 0x14
10E     0xA3       t 0x23
10F     0xEB       tm 0x2B
110     0xF1       tm 0x31
111     0xEF       tm 0x2F
112     0xE5       tm 0x25
113     0xF1       tm 0x31
114     0x04       lbua
115     0x01 0xEF  tml 0x1EF
117     0xE5       tm 0x25
118     0xE9       tm 0x29
119     0xA3       t 0x23
11A     0xAF       t 0x2F
11B     0xF1       tm 0x31
11C     0xA9       t 0x29
11D     0xE3       tm 0x23
11E     0xF5       tm 0x35
11F     0x1D       doa
120     0x04       lbua
121     0x7B       ldi 0x4
122     0x06       xs
123     0xEE       tm 0x2E
124     0x06       xs
125     0xD8       tm 0x18
126     0x59 0x06  tl 0x906
128     0xF6       tm 0x36
129     0xE9       tm 0x29
12A     0xA8       t 0x28
12B     0xED       tm 0x2D
12C     0xED       tm 0x2D
12D     0x06       xs
12E     0xE2       tm 0x22
12F     0xAF       t 0x2F
130     0x4F       skbi 15
131     0xE7       tm 0x27
132     0xED       tm 0x2D
133     0xE5       tm 0x25
134     0xAF       t 0x2F
135     0xF1       tm 0x31
136     0x06       xs
137     0xD8       tm 0x18
138     0xC7       lb 0x8
139     0xA9       t 0x29
13A     0xA5       t 0x25
13B     0xF7       tm 0x37
13C     0x00 0xA5  lbl 0xA5  
13E     0xA8       t 0x28
13F     0x79       ldi 0x6
140     0xF9       tm 0x39
141     0x83       t 0x3
142     0xD5       tm 0x15
143     0x0D       and
144     0xA8       t 0x28
145     0xCA       lb 0x5
146     0xA1       t 0x21
147     0x09       adsk
148     0xAF       t 0x2F
149     0xB3       t 0x33
14A     0xB5       t 0x35
14B     0xAB       t 0x2B
14C     0xB3       t 0x33
14D     0x00 0xC5  lbl 0xC5  
14F     0xD5       tm 0x15
150     0x27       dia
151     0xBD       t 0x3D
152     0x2B       exd 0x4
153     0xF3       tm 0x33
154     0xC7       lb 0x8
155     0x06       xs
156     0x58 0xB9  tl 0x8B9
158     0x04       lbua
159     0x81       t 0x1
15A     0xEB       tm 0x2B
15B     0x06       xs
15C     0xE6       tm 0x26
15D     0xF1       tm 0x31
15E     0xAD       t 0x2D
15F     0xA5       t 0x25
160     0xED       tm 0x2D
161     0xE5       tm 0x25
162     0xF1       tm 0x31
163     0xA9       t 0x29
164     0x04       lbua
165     0xD4       tm 0x14
166     0xA5       t 0x25
167     0x04       lbua
168     0x01 0xAB  tml 0x1AB
16A     0xEF       tm 0x2F
16B     0xE5       tm 0x25
16C     0xE9       tm 0x29
16D     0xA3       t 0x23
16E     0xAF       t 0x2F
16F     0xF1       tm 0x31
170     0xA9       t 0x29
171     0xE3       tm 0x23
172     0xF5       tm 0x35
173     0x4D       skbi 13
174     0xF1       tm 0x31
175     0xA9       t 0x29
176     0x06       xs
177     0xEE       tm 0x2E
178     0xEF       tm 0x2F
179     0xA7       t 0x27
17A     0xF1       tm 0x31
17B     0xF7       tm 0x37
17C     0x06       xs
17D     0xAF       t 0x2F
17E     0xAC       t 0x2C
17F     0xD7       tm 0x17
180     0xF9       tm 0x39
181     0xE9       tm 0x29
182     0xAB       t 0x2B
183     0xA3       t 0x23
184     0xAF       t 0x2F
185     0xF1       tm 0x31
186     0xAD       t 0x2D
187     0xD9       tm 0x19
188       0x25       rf2
189     0xC3       lb 0xC
18A     0xBB       t 0x3B
18B     0xD9       tm 0x19
18C     0x1D       doa
18D     0x13       sag
18E     0xC3       lb 0xC
18F     0xC5       lb 0xA
190     0x04       lbua
191     0x81       t 0x1
192     0xED       tm 0x2D
193     0xA7       t 0x27
194     0xAF       t 0x2F
195     0xF1       tm 0x31
196     0xAD       t 0x2D
197     0xAF       t 0x2F
198     0xEB       tm 0x2B
199     0xA5       t 0x25
19A     0xF1       tm 0x31
19B     0xF7       tm 0x37
19C     0xF9       tm 0x39
19D     0xB3       t 0x33
19E     0xAB       t 0x2B
19F     0x04       lbua
1A0     0xD2       tm 0x12
1A1     0xE3       tm 0x23
1A2     0xE5       tm 0x25
1A3     0xE1       tm 0x21
1A4     0xEF       tm 0x2F
1A5     0x06       xs
1A6     0xDA       tm 0x1A
1A7     0xED       tm 0x2D
1A8     0xA5       t 0x25
1A9     0xEB       tm 0x2B
1AA     0xA3       t 0x23
1AB     0xEB       tm 0x2B
1AC     0xE3       tm 0x23
1AD     0xF5       tm 0x35
1AE     0x61       adi 0xE
1AF     0x69       adi 0x6
1B0     0xA3       t 0x23
1B1     0xF1       tm 0x31
1B2     0xAB       t 0x2B
1B3     0x43       skbi 3
1B4     0x02 0xDB  tml 0x2DB
1B6     0xE7       tm 0x27
1B7     0xF1       tm 0x31
1B8     0xF7       tm 0x37
1B9     0xFA       tm 0x3A
1BA     0x95       t 0x15
1BB     0x7E       ldi 0x1
1BC     0xDF       tm 0x1F
1BD     0xDB       tm 0x1B
1BE     0xAA       t 0x2A
1BF     0xF8       tm 0x38
1C0     0x06       xs
1C1     0x74       ldi 0xB
1C2     0xA3       t 0x23
1C3     0xF7       tm 0x37
1C4     0x06       xs
1C5     0x74       ldi 0xB
1C6     0xE9       tm 0x29
1C7     0xA3       t 0x23
1C8     0xF1       tm 0x31
1C9     0xF7       tm 0x37
1CA     0x06       xs
1CB     0xE6       tm 0x26
1CC     0xA0       t 0x20
1CD     0x01 0xF9  tml 0x1F9
1CF     0xFA       tm 0x3A
1D0     0xCB       lb 0x4
1D1     0x02 0xDB  tml 0x2DB
1D3     0x06       xs
1D4     0x7C       ldi 0x3
1D5     0xE5       tm 0x25
1D6     0x02 0xDD  tml 0x2DD
1D8     0xE5       tm 0x25
1D9     0x02 0xDF  tml 0x2DF
1DB     0x02 0xE5  tml 0x2E5
1DD     0xE7       tm 0x27
1DE     0x02 0xE1  tml 0x2E1
1E0     0x02 0xDF  tml 0x2DF
1E2     0x02 0xDB  tml 0x2DB
1E4     0x02 0xDF  tml 0x2DF
1E6     0xF7       tm 0x37
1E7     0xF9       tm 0x39
1E8     0xFA       tm 0x3A
1E9     0xCB       lb 0x4
1EA     0xE7       tm 0x27
1EB     0x06       xs
1EC     0x7C       ldi 0x3
1ED     0x02 0xDB  tml 0x2DB
1EF     0x02 0xD5  tml 0x2D5
1F1     0xE7       tm 0x27
1F2     0x02 0xDF  tml 0x2DF
1F4     0x02 0xE3  tml 0x2E3
1F6     0x02 0xDF  tml 0x2DF
1F8     0x02 0xD5  tml 0x2D5
1FA     0x02 0xE5  tml 0x2E5
1FC     0xE7       tm 0x27
1FD     0x02 0xE5  tml 0x2E5
1FF     0xF7       tm 0x37
200     0x44       skbi 4
201     0x06       xs
202     0xE2       tm 0x22
203     0x7B       ldi 0x4
204     0x06       xs
205     0x51 0xA0  tl 0x1A0
207     0x0C       eor
208     0xF9       tm 0x39
209     0x06       xs
20A     0x8E       t 0xE
20B     0x2D       exd 0x2
20C     0xEB       tm 0x2B
20D     0x06       xs
20E     0xE2       tm 0x22
20F     0xE9       tm 0x29
210     0xE5       tm 0x25
211     0x02 0xE3  tml 0x2E3
213     0x02 0xD5  tml 0x2D5
215     0xF1       tm 0x31
216     0xF7       tm 0x37
217     0xF9       tm 0x39
218     0x06       xs
219     0x8E       t 0xE
21A     0x2D       exd 0x2
21B     0xE9       tm 0x29
21C     0x06       xs
21D     0xE2       tm 0x22
21E     0xEB       tm 0x2B
21F     0x21       sf2
220     0xF9       tm 0x39
221     0x06       xs
222     0xDF       tm 0x1F
223     0xA9       t 0x29
224     0xE9       tm 0x29
225     0xF1       tm 0x31
226     0xAB       t 0x2B
227     0xEF       tm 0x2F
228     0xA3       t 0x23
229     0xE9       tm 0x29
22A     0xE7       tm 0x27
22B     0xF1       tm 0x31
22C     0xA9       t 0x29
22D     0xF7       tm 0x37
22E     0xF9       tm 0x39
22F     0x06       xs
230     0xFA       tm 0x3A
231     0xED       tm 0x2D
232     0xA5       t 0x25
233     0xF1       tm 0x31
234     0xF7       tm 0x37
235     0x06       xs
236     0xFA       tm 0x3A
237     0xED       tm 0x2D
238     0xA5       t 0x25
239     0xE9       tm 0x29
23A     0xA3       t 0x23
23B     0xF1       tm 0x31
23C     0xF7       tm 0x37
23D     0x4C       skbi 12
23E     0xAE       t 0x2E
23F     0xD9       tm 0x19
240     0xFA       tm 0x3A
241     0xD3       tm 0x13
242     0x27       dia
243     0xEE       tm 0x2E
244     0xD3       tm 0x13
245     0x0F       or
246     0x27       dia
247     0x81       t 0x1
248     0xFE       tm 0x3E
249     0x5E 0x98  tl 0xE98
24B     0x11       labl
24C     0x06       xs
24D     0x80       t 0x0
24E     0x06       xs
24F     0x91       t 0x11
250     0x4C       skbi 12
251     0xA4       t 0x24
252     0xB1       t 0x31
253     0xE2       tm 0x22
254     0xCD       lb 0x2
255     0xEE       tm 0x2E
256     0xCB       lb 0x4
257     0xB3       t 0x33
258     0x83       t 0x3
259     0xFC       tm 0x3C
25A     0x7E       ldi 0x1
25B     0x19       xabl
25C     0x44       skbi 4
25D     0x93       t 0x13
25E     0xE8       tm 0x28
25F     0x5E 0x98  tl 0xE98
261     0x3D       ex 0x2
262     0x97       t 0x17
263     0x6E       adi 0x1
264     0xCE       lb 0x1
265     0x5F 0xAF  tl 0xFAF
267     0xAB       t 0x2B
268     0xAF       t 0x2F
269     0xC9       lb 0x6
26A     0xE9       tm 0x29
26B     0xF1       tm 0x31
26C     0xAF       t 0x2F
26D     0xA5       t 0x25
26E     0xAF       t 0x2F
26F     0x02 0x0A  tml 0x20A
271     0xAF       t 0x2F
272     0xC9       lb 0x6
273     0xDB       tm 0x1B
274     0x06       xs
275     0x78       ldi 0x7
276     0xEB       tm 0x2B
277     0x02 0x26  tml 0x226
279     0xF1       tm 0x31
27A     0xDB       tm 0x1B
27B     0xC9       lb 0x6
27C     0xAE       t 0x2E
27D     0x1F       decb
27E     0x00 0x00  lbl 0x00  
280     0x06       xs
281     0xD1       tm 0x11
282     0x0B       ad
283     0xA0       t 0x20
284     0x80       t 0x0
285     0x9B       t 0x1B
286     0x6E       adi 0x1
287     0xD4       tm 0x14
288     0x19       xabl
289     0x06       xs
28A     0xBE       t 0x3E
28B     0x35       ld 0x2
28C     0xDC       tm 0x1C
28D     0x1F       decb
28E     0x35       ld 0x2
28F     0xD9       tm 0x19
290     0x39       ex 0x6
291     0x4A       skbi 10
292     0x24       rc
293     0x81       t 0x1
294     0x5E 0x7E  tl 0xE7E
296     0x28       exd 0x7
297     0x35       ld 0x2
298     0x06       xs
299     0xBE       t 0x3E
29A     0xA4       t 0x24
29B     0xB1       t 0x31
29C     0x06       xs
29D     0xBE       t 0x3E
29E     0x42       skbi 2
29F       0x25       rf2
2A0     0x04       lbua
2A1     0xEC       tm 0x2C
2A2     0x06       xs
2A3     0x90       t 0x10
2A4     0x4F       skbi 15
2A5     0xA4       t 0x24
2A6     0xCB       lb 0x4
2A7     0xD9       tm 0x19
2A8     0x61       adi 0xE
2A9     0x00 0x61  lbl 0x61  
2AB     0xEE       tm 0x2E
2AC     0x5E 0x98  tl 0xE98
2AE     0x57 0x6D  tl 0x76D
2B0     0x06       xs
2B1     0xBE       t 0x3E
2B2     0x53 0x44  tl 0x344
2B4     0xDF       tm 0x1F
2B5     0x41       skbi 1
2B6     0x9D       t 0x1D
2B7     0x60       adi 0xF
2B8     0x1E       skz
2B9     0x50 0x80  tl 0x080
2BB     0x6F       cys
2BC     0x8B       t 0xB
2BD     0x7E       ldi 0x1
2BE     0xA6       t 0x26
2BF     0xF9       tm 0x39
2C0     0x06       xs
2C1     0xBD       t 0x3D
2C2     0x5B 0x06  tl 0xB06
2C4     0x01 0x06  tml 0x106
2C6     0x15       skc
2C7     0x8D       t 0xD
2C8     0x60       adi 0xF
2C9     0x0C       eor
2CA     0xDE       tm 0x1E
2CB     0x6E       adi 0x1
2CC     0xDE       tm 0x1E
2CD     0xDE       tm 0x1E
2CE     0x0C       eor
2CF     0x00 0x5F  lbl 0x5F  
2D1     0x46       skbi 6
2D2     0x7E       ldi 0x1
2D3     0xFC       tm 0x3C
2D4     0x1A       xax
2D5     0x3C       ex 0x3
2D6     0xFC       tm 0x3C
2D7     0xFE       tm 0x3E
2D8     0x08       adcsk
2D9     0xDE       tm 0x1E
2DA     0x32       ld 0x5
2DB     0xDE       tm 0x1E
2DC     0x34       ld 0x3
2DD     0x30       ld 0x7
2DE     0x0C       eor
2DF     0xDE       tm 0x1E
2E0     0x5E 0xDE  tl 0xEDE
2E2     0x7E       ldi 0x1
2E3     0x06       xs
2E4     0xC3       lb 0xC
2E5     0x53 0x06  tl 0x306
2E7     0x2B       exd 0x4
2E8     0x5B 0x06  tl 0xB06
2EA     0xA1       t 0x21
2EB     0x06       xs
2EC     0x51 0xA8  tl 0x1A8
2EE     0xB4       t 0x34
2EF     0xEE       tm 0x2E
2F0     0x36       ld 0x1
2F1     0x81       t 0x1
2F2     0x30       ld 0x7
2F3     0xFE       tm 0x3E
2F4     0x5E 0x67  tl 0xE67
2F6     0x30       ld 0x7
2F7     0x24       rc
2F8     0xDC       tm 0x1C
2F9     0x61       adi 0xE
2FA     0xA6       t 0x26
2FB     0xAA       t 0x2A
2FC     0xFE       tm 0x3E
2FD     0x7E       ldi 0x1
2FE     0xAC       t 0x2C
2FF     0x08       adcsk
300     0x06       xs
301     0x01 0x06  tml 0x106
303     0x15       skc
304     0x8F       t 0xF
305     0x46       skbi 6
306     0x7E       ldi 0x1
307     0xFC       tm 0x3C
308     0x1A       xax
309     0x3C       ex 0x3
30A     0xFC       tm 0x3C
30B     0xFE       tm 0x3E
30C     0x08       adcsk
30D     0xDE       tm 0x1E
30E     0x32       ld 0x5
30F     0xDE       tm 0x1E
310     0x34       ld 0x3
311     0x30       ld 0x7
312     0x6E       adi 0x1
313     0xDE       tm 0x1E
314     0x3E       ex 0x1
315     0x6E       adi 0x1
316     0xDE       tm 0x1E
317     0xDE       tm 0x1E
318     0x8D       t 0xD
319     0xDE       tm 0x1E
31A     0x70       ldi 0xF
31B     0xDE       tm 0x1E
31C     0x7E       ldi 0x1
31D     0x06       xs
31E     0x2B       exd 0x4
31F     0x49       skbi 9
320     0x06       xs
321     0xA3       t 0x23
322     0x06       xs
323     0x51 0xA8  tl 0x1A8
325     0x23       dib
326     0x7E       ldi 0x1
327     0xA4       t 0x24
328     0xB1       t 0x31
329     0x06       xs
32A     0x81       t 0x1
32B     0x06       xs
32C     0xA3       t 0x23
32D     0xDF       tm 0x1F
32E     0x06       xs
32F     0xBF       t 0x3F
330     0x67       adi 0x8
331     0xA8       t 0x28
332     0xB4       t 0x34
333     0xAC       t 0x2C
334     0x87       t 0x7
335     0x06       xs
336     0x85       t 0x5
337     0x06       xs
338     0xBF       t 0x3F
339     0x57 0x06  tl 0x706
33B     0x51 0x57  tl 0x157
33D     0xF6       tm 0x36
33E     0x95       t 0x15
33F     0x4D       skbi 13
340     0xDB       tm 0x1B
341     0x04       lbua
342     0xC4       lb 0xB
343     0xDF       tm 0x1F
344     0xAC       t 0x2C
345     0x41       skbi 1
346     0x36       ld 0x1
347     0xDB       tm 0x1B
348     0x04       lbua
349     0x7B       ldi 0x4
34A     0x00 0x1B  lbl 0x1B  
34C     0x24       rc
34D     0x7E       ldi 0x1
34E     0x07       rtnsk
34F     0x06       xs
350     0xDA       tm 0x1A
351     0x59 0xDF  tl 0x9DF
353     0x9B       t 0x1B
354     0x6E       adi 0x1
355     0xDC       tm 0x1C
356     0x33       ld 0x4
357     0x31       ld 0x6
358     0x33       ld 0x4
359     0xDC       tm 0x1C
35A     0x3B       ex 0x4
35B     0xAE       t 0x2E
35C     0x52 0xDC  tl 0x2DC
35E     0x43       skbi 3
35F     0xAE       t 0x2E
360     0x7A       ldi 0x5
361     0xDC       tm 0x1C
362     0x4B       skbi 11
363     0xAC       t 0x2C
364     0x80       t 0x0
365     0xDF       tm 0x1F
366     0x00 0x9F  lbl 0x9F  
368     0x6E       adi 0x1
369     0x36       ld 0x1
36A     0xAC       t 0x2C
36B     0x01 0x00  tml 0x100
36D     0x1B       lxa
36E     0x6E       adi 0x1
36F     0xCE       lb 0x1
370     0x67       adi 0x8
371     0xAE       t 0x2E
372     0xD5       tm 0x15
373     0xD6       tm 0x16
374     0x6F       cys
375     0xAE       t 0x2E
376     0xC9       lb 0x6
377     0xDA       tm 0x1A
378     0x77       ldi 0x8
379     0xAE       t 0x2E
37A     0xE5       tm 0x25
37B     0x06       xs
37C     0x5F 0xDF  tl 0xFDF
37E     0xAE       t 0x2E
37F     0xD9       tm 0x19
380     0x3A       ex 0x5
381     0xA8       t 0x28
382     0x83       t 0x3
383     0xAC       t 0x2C
384     0x6A       adi 0x5
385     0xAC       t 0x2C
386     0x42       skbi 2
387     0xAC       t 0x2C
388     0x5E 0xAA  tl 0xEAA
38A     0x00 0xAE  lbl 0xAE  
38C     0x67       adi 0x8
38D     0xAD       t 0x2D
38E     0x43       skbi 3
38F     0xFB       tm 0x3B
390     0xAA       t 0x2A
391     0x95       t 0x15
392     0x3A       ex 0x5
393     0xAE       t 0x2E
394     0x6A       adi 0x5
395     0xAA       t 0x2A
396     0x73       ldi 0xC
397     0xAC       t 0x2C
398     0x80       t 0x0
399     0xAA       t 0x2A
39A     0x82       t 0x2
39B     0xA6       t 0x26
39C     0xEB       tm 0x2B
39D     0xAA       t 0x2A
39E     0x89       t 0x9
39F     0xAA       t 0x2A
3A0     0x81       t 0x1
3A1     0xEB       tm 0x2B
3A2     0xF1       tm 0x31
3A3     0xED       tm 0x2D
3A4     0xE5       tm 0x25
3A5     0xAF       t 0x2F
3A6     0xF1       tm 0x31
3A7     0x04       lbua
3A8     0x01 0x83  tml 0x183
3AA     0xD5       tm 0x15
3AB     0x5D 0xB3  tl 0xDB3
3AD     0x6B       adi 0x4
3AE     0xE9       tm 0x29
3AF     0xA7       t 0x27
3B0     0xAF       t 0x2F
3B1     0xF1       tm 0x31
3B2     0x13       sag
3B3     0x06       xs
3B4     0xE5       tm 0x25
3B5     0xAD       t 0x2D
3B6     0x06       xs
3B7     0xE2       tm 0x22
3B8     0x06       xs
3B9     0xF6       tm 0x36
3BA     0xE9       tm 0x29
3BB     0xE7       tm 0x27
3BC     0xED       tm 0x2D
3BD     0xA7       t 0x27
3BE     0xF1       tm 0x31
3BF     0xF7       tm 0x37
3C0     0x3A       ex 0x5
3C1     0xA0       t 0x20
3C2     0x46       skbi 6
3C3     0xA4       t 0x24
3C4     0x01 0xAC  tml 0x1AC
3C6     0xB8       t 0x38
3C7     0xA0       t 0x20
3C8     0x0C       eor
3C9     0xAC       t 0x2C
3CA     0x00 0xFC  lbl 0xFC  
3CC     0x45       skbi 5
3CD     0xAE       t 0x2E
3CE     0x80       t 0x0
3CF     0xEE       tm 0x2E
3D0     0x45       skbi 5
3D1     0xA0       t 0x20
3D2     0x02 0xAF  tml 0x2AF
3D4     0x59 0xF6  tl 0x9F6
3D6     0xF6       tm 0x36
3D7     0xFA       tm 0x3A
3D8     0x45       skbi 5
3D9     0xFC       tm 0x3C
3DA     0xFC       tm 0x3C
3DB     0xFA       tm 0x3A
3DC     0xFA       tm 0x3A
3DD     0xEE       tm 0x2E
3DE     0xEE       tm 0x2E
3DF     0xF6       tm 0x36
3E0     0xA0       t 0x20
3E1     0x1A       xax
3E2     0xAE       t 0x2E
3E3     0x8C       t 0xC
3E4     0xB3       t 0x33
3E5     0x06       xs
3E6     0x5F 0xDF  tl 0xFDF
3E8     0xA4       t 0x24
3E9     0xB1       t 0x31
3EA     0x06       xs
3EB     0x71       ldi 0xE
3EC     0xEA       tm 0x2A
3ED     0xCB       lb 0x4
3EE     0xE2       tm 0x22
3EF     0xCD       lb 0x2
3F0     0xA4       t 0x24
3F1     0xA9       t 0x29
3F2     0x44       skbi 4
3F3     0xA9       t 0x29
3F4     0xAF       t 0x2F
3F5     0x06       xs
3F6     0x5F 0x42  tl 0xF42
3F8     0x04       lbua
3F9     0x00 0x06  lbl 0x06  
3FB     0x5F 0xAF  tl 0xFAF
3FD     0xA3       t 0x23
3FE     0x4C       skbi 12
3FF     0x59 0x  